[2012-10-30 16:07:58] START
[2012-10-30 16:07:58] EDIT welcome/controllers/default.py: 2
[2012-10-30 16:10:30] EDIT welcome/controllers/default.py: 2
[2012-10-30 16:11:25] EDIT welcome/controllers/default.py: 1
[2012-10-30 16:14:44] EDIT welcome/controllers/default.py: 0
[2012-10-30 16:19:52] EDIT welcome/controllers/default.py: 2
[2012-11-01 14:04:30] EDIT welcome/controllers/default.py: -6
[2012-11-01 14:07:44] EDIT welcome/controllers/default.py: 6
[2012-11-01 14:09:26] EDIT welcome/controllers/default.py: 0
[2012-11-01 14:12:23] EDIT welcome/controllers/default.py: 2
[2012-11-01 14:14:46] EDIT welcome/controllers/default.py: 3
[2012-11-01 14:27:38] EDIT welcome/controllers/default.py: 0
[2012-11-01 14:34:57] EDIT welcome/controllers/default.py: 0
[2012-11-01 14:39:45] EDIT welcome/controllers/default.py: 1
[2012-11-01 14:42:37] EDIT welcome/controllers/default.py: 0
[2012-11-01 14:44:51] EDIT welcome/controllers/default.py: 0
[2012-11-01 14:45:35] EDIT welcome/controllers/default.py: 0
[2012-11-01 14:47:23] EDIT welcome/controllers/default.py: 0
[2012-11-01 14:48:17] EDIT welcome/controllers/default.py: 0
[2012-11-01 14:49:00] EDIT welcome/controllers/default.py: 0
[2012-11-01 15:14:22] EDIT welcome/controllers/default.py: 2
[2012-11-01 15:46:35] EDIT welcome/controllers/default.py: 1
[2012-11-01 15:59:22] EDIT welcome/models/db.py: 6
[2012-11-01 16:00:56] EDIT welcome/models/db.py: -6
[2012-11-01 16:01:44] EDIT welcome/controllers/default.py: -7
[2012-11-01 16:02:51] EDIT welcome/controllers/default.py: -2
[2012-11-01 16:03:55] EDIT welcome/controllers/default.py: 3
[2012-11-01 16:04:10] EDIT welcome/controllers/default.py: 0
[2012-11-01 16:05:36] EDIT welcome/controllers/default.py: -1
[2012-11-02 08:14:51] EDIT welcome/models/db.py: 34
[2012-11-02 08:20:59] EDIT welcome/models/db.py: 0
[2012-11-02 08:23:08] EDIT welcome/controllers/default.py: 1
[2012-11-02 10:02:17] EDIT welcome/models/db.py: 0
[2012-11-02 10:06:16] EDIT welcome/models/db.py: 0
[2012-11-02 10:07:38] EDIT welcome/models/db.py: 0
[2012-11-02 10:12:34] EDIT welcome/controllers/default.py: 3
[2012-11-02 10:19:27] EDIT welcome/controllers/default.py: 0
[2012-11-02 10:28:19] EDIT welcome/controllers/default.py: 3
[2012-11-02 10:29:26] EDIT welcome/controllers/default.py: 0
[2012-11-02 10:30:11] EDIT welcome/controllers/default.py: 0
[2012-11-02 10:33:09] EDIT welcome/controllers/default.py: 3
[2012-11-02 10:35:09] EDIT welcome/controllers/default.py: 0
[2012-11-02 10:49:24] EDIT welcome/controllers/default.py: 0
[2012-11-02 10:50:57] EDIT welcome/controllers/default.py: 0
[2012-11-02 10:51:52] CREATE default/register_chart_part1.html: 0
[2012-11-02 10:55:12] EDIT welcome/views/default/register_chart_part1.html: 2
[2012-11-02 11:05:44] EDIT welcome/views/default/register_chart_part1.html: 6
[2012-11-02 11:07:55] EDIT welcome/views/default/register_chart_part1.html: 1
[2012-11-02 11:08:28] EDIT welcome/views/default/register_chart_part1.html: 0
[2012-11-02 11:08:49] EDIT welcome/views/default/register_chart_part1.html: 0
[2012-11-02 11:09:44] EDIT welcome/views/default/register_chart_part1.html: -1
[2012-11-02 11:10:16] EDIT welcome/views/default/register_chart_part1.html: 0
[2012-11-02 11:10:52] EDIT welcome/views/default/register_chart_part1.html: 4
[2012-11-02 11:12:52] EDIT welcome/controllers/default.py: 0
[2012-11-02 11:13:22] EDIT welcome/views/default/register_chart_part1.html: -11
[2012-11-02 11:18:22] EDIT welcome/models/db.py: 5
[2012-11-02 11:19:00] EDIT welcome/controllers/default.py: 0
[2012-11-02 11:20:16] EDIT welcome/models/db.py: 0
[2012-11-02 11:21:19] EDIT welcome/models/db.py: 0
[2012-11-02 11:25:20] EDIT welcome/models/db.py: 0
[2012-11-02 11:36:21] EDIT welcome/controllers/default.py: 2
[2012-11-02 11:39:01] EDIT welcome/controllers/default.py: 0
[2012-11-02 11:44:52] EDIT welcome/controllers/default.py: -2
[2012-11-02 11:46:02] EDIT welcome/controllers/default.py: 0
[2012-11-02 11:46:49] EDIT welcome/controllers/default.py: 0
[2012-11-02 11:48:22] EDIT welcome/controllers/default.py: 1
[2012-11-02 11:48:43] EDIT welcome/controllers/default.py: 1
[2012-11-02 11:49:39] EDIT welcome/controllers/default.py: 0
[2012-11-02 11:51:46] EDIT welcome/controllers/default.py: 1
[2012-11-02 11:59:07] EDIT welcome/controllers/default.py: 0
[2012-11-02 12:21:36] EDIT welcome/controllers/default.py: 1
[2012-11-02 12:23:11] EDIT welcome/controllers/default.py: 0
[2012-11-02 12:25:40] EDIT welcome/controllers/default.py: 1
[2012-11-02 12:43:24] EDIT welcome/controllers/default.py: -2
[2012-11-02 12:45:13] EDIT welcome/controllers/default.py: 1
[2012-11-02 12:51:32] EDIT welcome/controllers/default.py: 2
[2012-11-02 12:53:10] EDIT welcome/controllers/default.py: 1
[2012-11-02 12:54:30] EDIT welcome/controllers/default.py: 0
[2012-11-02 13:02:34] EDIT welcome/controllers/default.py: 1
[2012-11-02 13:03:32] EDIT welcome/controllers/default.py: 0
[2012-11-02 13:05:31] EDIT welcome/controllers/default.py: 0
[2012-11-02 13:06:27] EDIT welcome/controllers/default.py: 0
[2012-11-02 13:08:18] EDIT welcome/controllers/default.py: 0
